SF:lib/data/app_config.dart
DA:6,3
LF:1
LH:1
end_of_record
SF:lib/services/environment_service.dart
DA:9,1
DA:15,0
DA:20,0
DA:22,0
DA:26,1
DA:27,4
DA:28,3
DA:29,3
DA:32,1
DA:35,2
LF:10
LH:7
end_of_record
SF:lib/services/character_list_service.dart
DA:9,0
DA:16,1
DA:21,1
DA:23,3
DA:24,2
DA:25,2
DA:27,1
DA:29,3
DA:30,1
DA:31,1
DA:34,1
LF:11
LH:10
end_of_record
SF:lib/data/character_entity.dart
DA:10,6
DA:16,2
DA:17,4
DA:18,4
DA:20,6
DA:22,10
DA:24,6
DA:25,2
DA:32,4
DA:33,4
DA:34,4
DA:35,4
DA:36,4
LF:13
LH:13
end_of_record
SF:lib/data/response_models/character_response.dart
DA:9,2
DA:16,1
DA:17,1
DA:18,1
DA:19,3
DA:20,1
DA:21,1
LF:7
LH:7
end_of_record
SF:lib/data/response_models/character_image.dart
DA:6,2
DA:12,1
DA:13,1
DA:14,1
DA:15,1
DA:16,1
LF:6
LH:6
end_of_record
SF:lib/data/response_models/search_result.dart
DA:23,1
DA:44,1
DA:45,1
DA:46,1
DA:47,1
DA:48,1
DA:49,1
DA:50,1
DA:51,1
DA:52,1
DA:53,1
DA:54,1
DA:55,1
DA:56,1
DA:57,1
DA:58,1
DA:59,1
DA:60,1
DA:61,1
DA:62,1
DA:63,1
DA:64,2
DA:66,1
DA:67,1
DA:68,1
LF:25
LH:25
end_of_record
SF:lib/my_app.dart
DA:13,0
DA:20,0
DA:22,0
DA:24,0
DA:25,0
DA:26,0
DA:27,0
DA:29,0
DA:30,0
DA:32,0
DA:33,0
DA:38,0
DA:40,0
DA:41,0
LF:14
LH:0
end_of_record
SF:lib/character_detail/state/character_detail_cubit.dart
DA:7,1
DA:9,1
DA:10,1
DA:13,3
LF:4
LH:4
end_of_record
SF:lib/character_detail/state/character_detail_state.dart
DA:5,5
DA:11,1
DA:14,1
DA:15,0
DA:19,1
DA:20,1
DA:21,1
LF:7
LH:6
end_of_record
SF:lib/character_detail/ui/character_detail_page.dart
DA:8,3
DA:10,0
DA:12,0
DA:13,0
LF:4
LH:1
end_of_record
SF:lib/character_detail/ui/character_detail_view.dart
DA:7,6
DA:9,0
DA:11,0
DA:12,0
DA:13,0
DA:14,0
DA:16,0
DA:17,0
DA:19,0
DA:24,0
DA:25,0
DA:28,0
DA:38,0
DA:39,0
DA:40,0
DA:43,0
LF:16
LH:1
end_of_record
SF:lib/character_list/state/character_list_cubit.dart
DA:8,1
DA:11,1
DA:14,1
DA:15,3
DA:17,4
DA:18,3
DA:20,4
DA:24,1
DA:25,3
LF:9
LH:9
end_of_record
SF:lib/character_list/state/character_list_state.dart
DA:7,1
DA:22,1
DA:23,1
DA:24,2
DA:25,1
DA:26,2
DA:27,1
DA:28,1
DA:29,3
DA:30,1
DA:31,1
DA:32,3
DA:33,1
DA:35,1
DA:40,4
DA:42,1
DA:48,1
DA:49,1
DA:50,1
DA:51,1
DA:52,1
DA:53,1
DA:57,1
DA:58,1
DA:59,1
DA:60,1
DA:61,1
DA:62,1
DA:63,1
LF:29
LH:29
end_of_record
SF:lib/character_list/ui/character_list_body.dart
DA:7,0
DA:13,0
DA:15,0
DA:16,0
DA:17,0
DA:18,0
DA:19,0
DA:21,0
DA:22,0
DA:23,0
LF:10
LH:0
end_of_record
SF:lib/character_list/ui/character_list_body_loaded.dart
DA:10,0
DA:17,0
DA:19,0
DA:20,0
DA:22,0
DA:23,0
DA:24,0
DA:25,0
DA:26,0
DA:28,0
DA:30,0
DA:31,0
DA:33,0
DA:34,0
DA:39,0
DA:40,0
DA:44,0
DA:45,0
DA:46,0
DA:47,0
DA:48,0
DA:49,0
DA:50,0
DA:51,0
DA:52,0
DA:53,0
DA:54,0
DA:55,0
DA:56,0
LF:29
LH:0
end_of_record
SF:lib/layout_helper.dart
DA:3,0
DA:4,0
LF:2
LH:0
end_of_record
SF:lib/character_list/ui/character_list_page.dart
DA:10,3
DA:12,0
DA:13,0
DA:14,0
DA:17,0
DA:19,0
DA:20,0
DA:21,0
DA:22,0
DA:24,0
DA:25,0
DA:28,0
DA:29,0
DA:30,0
DA:31,0
DA:36,0
DA:37,0
LF:17
LH:1
end_of_record
